#
# There is insufficient memory for the Java Runtime Environment to continue.
# Native memory allocation (mmap) failed to map 8589934592 bytes. Error detail: committing reserved memory.
# Possible reasons:
#   The system is out of physical RAM or swap space
#   This process is running with CompressedOops enabled, and the Java Heap may be blocking the growth of the native heap
# Possible solutions:
#   Reduce memory load on the system
#   Increase physical memory or swap space
#   Check if swap backing store is full
#   Decrease Java heap size (-Xmx/-Xms)
#   Decrease number of Java threads
#   Decrease Java thread stack sizes (-Xss)
#   Set larger code cache with -XX:ReservedCodeCacheSize=
#   JVM is running with Zero Based Compressed Oops mode in which the Java heap is
#     placed in the first 32GB address space. The Java Heap base address is the
#     maximum limit for the native heap growth. Please use -XX:HeapBaseMinAddress
#     to set the Java Heap base and to place the Java Heap above 32GB virtual address.
# This output file may be truncated or incomplete.
#
#  Out of Memory Error (os_linux.cpp:2784), pid=7476, tid=7477
#
# JRE version:  (21.0.3+9) (build )
# Java VM: OpenJDK 64-Bit Server VM (21.0.3+9-LTS, mixed mode, sharing, tiered, compressed oops, compressed class ptrs, g1 gc, linux-amd64)
# Core dump will be written. Default location: Core dumps may be processed with "/usr/share/apport/apport -p%p -s%s -c%c -d%d -P%P -u%u -g%g -- %E" (or dumping to /workspaces/NotGudSMP/core.7476)
#

---------------  S U M M A R Y ------------

Command Line: -Xmx8G -Xms8G server.jar --nogui

Host: AMD EPYC 7763 64-Core Processor, 2 cores, 7G, Ubuntu 20.04.6 LTS
Time: Tue Jul 16 23:21:49 2024 UTC elapsed time: 0.009372 seconds (0d 0h 0m 0s)

---------------  T H R E A D  ---------------

Current thread (0x00007d8464027730):  JavaThread "Unknown thread" [_thread_in_vm, id=7477, stack(0x00007d846b57a000,0x00007d846b67b000) (1028K)]

Stack: [0x00007d846b57a000,0x00007d846b67b000],  sp=0x00007d846b6794b0,  free space=1021k
Native frames: (J=compiled Java code, j=interpreted, Vv=VM code, C=native code)
V  [libjvm.so+0x10092e8]  VMError::report_and_die(int, char const*, char const*, __va_list_tag*, Thread*, unsigned char*, void*, void*, char const*, int, unsigned long)+0x2b8  (os_linux.cpp:2784)
V  [libjvm.so+0x1009cdd]
V  [libjvm.so+0x6b97bf]
V  [libjvm.so+0xd031b4]  os::pd_commit_memory_or_exit(char*, unsigned long, unsigned long, bool, char const*)+0xd4
V  [libjvm.so+0xcfc65d]  os::commit_memory_or_exit(char*, unsigned long, unsigned long, bool, char const*)+0x1d
V  [libjvm.so+0x811feb]  G1PageBasedVirtualSpace::commit(unsigned long, unsigned long)+0xfb
V  [libjvm.so+0x82847f]  G1RegionsLargerThanCommitSizeMapper::commit_regions(unsigned int, unsigned long, WorkerThreads*)+0x9f
V  [libjvm.so+0x8b8075]  HeapRegionManager::commit_regions(unsigned int, unsigned long, WorkerThreads*)+0x55
V  [libjvm.so+0x8b9ce2]  HeapRegionManager::expand(unsigned int, unsigned int, WorkerThreads*)+0x32
V  [libjvm.so+0x8b9f0e]  HeapRegionManager::expand_by(unsigned int, WorkerThreads*)+0x7e
V  [libjvm.so+0x7cc6cf]  G1CollectedHeap::expand(unsigned long, WorkerThreads*, double*)+0xff
V  [libjvm.so+0x7ccce4]  G1CollectedHeap::initialize()+0x5c4
V  [libjvm.so+0xfaa526]  universe_init()+0xd6
V  [libjvm.so+0x8d8a07]  init_globals()+0x37
V  [libjvm.so+0xf891f5]  Threads::create_vm(JavaVMInitArgs*, bool*)+0x2b5
V  [libjvm.so+0x9b442f]  JNI_CreateJavaVM+0x4f
C  [libjli.so+0x42cb]  JavaMain+0x8b
C  [libjli.so+0x7e49]  ThreadJavaMain+0x9

---------------  P R O C E S S  ---------------

Threads class SMR info:
_java_thread_list=0x00007d846cd3d9e0, length=0, elements={
}

Java Threads: ( => current thread )
Total: 0

Other Threads:
  0x00007d8464051020 WorkerThread "GC Thread#0"                     [id=7478, stack(0x00007d8468f6e000,0x00007d846906e000) (1024K)]
  0x00007d84640625e0 ConcurrentGCThread "G1 Main Marker"            [id=7479, stack(0x00007d8468e6d000,0x00007d8468f6d000) (1024K)]
  0x00007d8464063580 WorkerThread "G1 Conc#0"                       [id=7480, stack(0x00007d8468d6c000,0x00007d8468e6c000) (1024K)]

[error occurred during error reporting (printing all threads), id 0xb, SIGSEGV (0xb) at pc=0x00007d846bfb9720]
VM state: not at safepoint (not fully initialized)

VM Mutex/Monitor currently owned by a thread:  ([mutex/lock_event])
[0x00007d846cd17d40] Heap_lock - owner thread: 0x00007d8464027730

Heap address: 0x0000000600000000, size: 8192 MB, Compressed Oops mode: Zero based, Oop shift amount: 3

CDS archive(s) mapped at: [0x0000000000000000-0x0000000000000000-0x0000000000000000), size 0, SharedBaseAddress: 0x0000000800000000, ArchiveRelocationMode: 1.
Narrow klass base: 0x0000000000000000, Narrow klass shift: 0, Narrow klass range: 0x0

GC Precious Log:
 CardTable entry size: 512
 Card Set container configuration: InlinePtr #cards 4 size 8 Array Of Cards #cards 32 size 80 Howl #buckets 8 coarsen threshold 7372 Howl Bitmap #cards 1024 size 144 coarsen threshold 921 Card regions per heap region 1 cards per card region 8192

Heap:
 garbage-first heap   total 0K, used 0K [0x0000000600000000, 0x0000000800000000)
  region size 4096K, 0 young (0K), 0 survivors (0K)

[error occurred during error reporting (printing heap information), id 0xb, SIGSEGV (0xb) at pc=0x00007d846c58265a]
GC Heap History (0 events):
No events

Dll operation events (1 events):
Event: 0.002 Loaded shared library /usr/local/sdkman/candidates/java/21.0.3-ms/lib/libjava.so

Deoptimization events (0 events):
No events

Classes loaded (0 events):
No events

Classes unloaded (0 events):
No events

Classes redefined (0 events):
No events

Internal exceptions (0 events):
No events

ZGC Phase Switch (0 events):
No events

VM Operations (0 events):
No events

Events (1 events):
Event: 0.002 Protecting memory [0x00007d846b57a000,0x00007d846b57e000] with protection modes 0


Dynamic libraries:
5afb74406000-5afb74407000 r-xp 00000000 07:03 123194                     /usr/local/sdkman/candidates/java/21.0.3-ms/bin/java
5afb74408000-5afb74409000 r--p 00001000 07:03 123194                     /usr/local/sdkman/candidates/java/21.0.3-ms/bin/java
5afb74409000-5afb7440a000 rw-p 00002000 07:03 123194                     /usr/local/sdkman/candidates/java/21.0.3-ms/bin/java
5afb7508a000-5afb750d0000 rw-p 00000000 00:00 0                          [heap]
7d8436000000-7d8438000000 rw-p 00000000 00:00 0 
7d8438000000-7d8438021000 rw-p 00000000 00:00 0 
7d8438021000-7d843c000000 ---p 00000000 00:00 0 
7d843c000000-7d843c021000 rw-p 00000000 00:00 0 
7d843c021000-7d8440000000 ---p 00000000 00:00 0 
7d8440000000-7d8440021000 rw-p 00000000 00:00 0 
7d8440021000-7d8444000000 ---p 00000000 00:00 0 
7d84448af000-7d844c8af000 ---p 00000000 00:00 0 
7d844c8af000-7d844cb1f000 rwxp 00000000 00:00 0 
7d844cb1f000-7d8453de7000 ---p 00000000 00:00 0 
7d8453de7000-7d8454057000 rwxp 00000000 00:00 0 
7d8454057000-7d8454376000 ---p 00000000 00:00 0 
7d8454376000-7d84545e6000 rwxp 00000000 00:00 0 
7d84545e6000-7d845b8af000 ---p 00000000 00:00 0 
7d845b8af000-7d8464000000 r--s 00000000 07:03 123680                     /usr/local/sdkman/candidates/java/21.0.3-ms/lib/modules
7d8464000000-7d8464079000 rw-p 00000000 00:00 0 
7d8464079000-7d8468000000 ---p 00000000 00:00 0 
7d8468708000-7d8468d6b000 rw-p 00000000 00:00 0 
7d8468d6b000-7d8468d6c000 ---p 00000000 00:00 0 
7d8468d6c000-7d8468e6c000 rw-p 00000000 00:00 0 
7d8468e6c000-7d8468e6d000 ---p 00000000 00:00 0 
7d8468e6d000-7d8468f6d000 rw-p 00000000 00:00 0 
7d8468f6d000-7d8468f6e000 ---p 00000000 00:00 0 
7d8468f6e000-7d84690f4000 rw-p 00000000 00:00 0 
7d84690f4000-7d846b0f4000 ---p 00000000 00:00 0 
7d846b0f4000-7d846b33c000 rw-p 00000000 00:00 0 
7d846b33c000-7d846b422000 ---p 00000000 00:00 0 
7d846b422000-7d846b427000 rw-p 00000000 00:00 0 
7d846b427000-7d846b50d000 ---p 00000000 00:00 0 
7d846b50d000-7d846b512000 rw-p 00000000 00:00 0 
7d846b512000-7d846b519000 ---p 00000000 00:00 0 
7d846b519000-7d846b539000 r-xp 00000000 07:03 123655                     /usr/local/sdkman/candidates/java/21.0.3-ms/lib/libjava.so
7d846b539000-7d846b53a000 ---p 00020000 07:03 123655                     /usr/local/sdkman/candidates/java/21.0.3-ms/lib/libjava.so
7d846b53a000-7d846b53b000 r--p 00020000 07:03 123655                     /usr/local/sdkman/candidates/java/21.0.3-ms/lib/libjava.so
7d846b53b000-7d846b53c000 rw-p 00021000 07:03 123655                     /usr/local/sdkman/candidates/java/21.0.3-ms/lib/libjava.so
7d846b53c000-7d846b53d000 rw-p 00000000 00:00 0 
7d846b53d000-7d846b540000 r--p 00000000 07:03 1049579                    /usr/lib/x86_64-linux-gnu/libnss_files-2.31.so
7d846b540000-7d846b547000 r-xp 00003000 07:03 1049579                    /usr/lib/x86_64-linux-gnu/libnss_files-2.31.so
7d846b547000-7d846b549000 r--p 0000a000 07:03 1049579                    /usr/lib/x86_64-linux-gnu/libnss_files-2.31.so
7d846b549000-7d846b54a000 r--p 0000b000 07:03 1049579                    /usr/lib/x86_64-linux-gnu/libnss_files-2.31.so
7d846b54a000-7d846b54b000 rw-p 0000c000 07:03 1049579                    /usr/lib/x86_64-linux-gnu/libnss_files-2.31.so
7d846b54b000-7d846b551000 rw-p 00000000 00:00 0 
7d846b55b000-7d846b576000 r-xp 00000000 07:03 123659                     /usr/local/sdkman/candidates/java/21.0.3-ms/lib/libjimage.so
7d846b576000-7d846b577000 ---p 0001b000 07:03 123659                     /usr/local/sdkman/candidates/java/21.0.3-ms/lib/libjimage.so
7d846b577000-7d846b579000 r--p 0001b000 07:03 123659                     /usr/local/sdkman/candidates/java/21.0.3-ms/lib/libjimage.so
7d846b579000-7d846b57a000 rw-p 0001d000 07:03 123659                     /usr/local/sdkman/candidates/java/21.0.3-ms/lib/libjimage.so
7d846b57a000-7d846b57e000 ---p 00000000 00:00 0 
7d846b57e000-7d846b67b000 rw-p 00000000 00:00 0 
7d846b67b000-7d846b688000 r--p 00000000 07:03 1049556                    /usr/lib/x86_64-linux-gnu/libm-2.31.so
7d846b688000-7d846b72f000 r-xp 0000d000 07:03 1049556                    /usr/lib/x86_64-linux-gnu/libm-2.31.so
7d846b72f000-7d846b7c8000 r--p 000b4000 07:03 1049556                    /usr/lib/x86_64-linux-gnu/libm-2.31.so
7d846b7c8000-7d846b7c9000 r--p 0014c000 07:03 1049556                    /usr/lib/x86_64-linux-gnu/libm-2.31.so
7d846b7c9000-7d846b7ca000 rw-p 0014d000 07:03 1049556                    /usr/lib/x86_64-linux-gnu/libm-2.31.so
7d846b7ca000-7d846b7cc000 r--p 00000000 07:03 1049612                    /usr/lib/x86_64-linux-gnu/librt-2.31.so
7d846b7cc000-7d846b7d0000 r-xp 00002000 07:03 1049612                    /usr/lib/x86_64-linux-gnu/librt-2.31.so
7d846b7d0000-7d846b7d2000 r--p 00006000 07:03 1049612                    /usr/lib/x86_64-linux-gnu/librt-2.31.so
7d846b7d2000-7d846b7d3000 r--p 00007000 07:03 1049612                    /usr/lib/x86_64-linux-gnu/librt-2.31.so
7d846b7d3000-7d846b7d4000 rw-p 00008000 07:03 1049612                    /usr/lib/x86_64-linux-gnu/librt-2.31.so
7d846b7d4000-7d846cbe5000 r-xp 00000000 07:03 123692                     /usr/local/sdkman/candidates/java/21.0.3-ms/lib/server/libjvm.so
7d846cbe5000-7d846ccb6000 r--p 01410000 07:03 123692                     /usr/local/sdkman/candidates/java/21.0.3-ms/lib/server/libjvm.so
7d846ccb6000-7d846cce6000 rw-p 014e1000 07:03 123692                     /usr/local/sdkman/candidates/java/21.0.3-ms/lib/server/libjvm.so
7d846cce6000-7d846cd4e000 rw-p 00000000 00:00 0 
7d846cd4e000-7d846cd70000 r--p 00000000 07:03 1049514                    /usr/lib/x86_64-linux-gnu/libc-2.31.so
7d846cd70000-7d846cee8000 r-xp 00022000 07:03 1049514                    /usr/lib/x86_64-linux-gnu/libc-2.31.so
7d846cee8000-7d846cf36000 r--p 0019a000 07:03 1049514                    /usr/lib/x86_64-linux-gnu/libc-2.31.so
7d846cf36000-7d846cf3a000 r--p 001e7000 07:03 1049514                    /usr/lib/x86_64-linux-gnu/libc-2.31.so
7d846cf3a000-7d846cf3c000 rw-p 001eb000 07:03 1049514                    /usr/lib/x86_64-linux-gnu/libc-2.31.so
7d846cf3c000-7d846cf40000 rw-p 00000000 00:00 0 
7d846cf40000-7d846cf41000 r--p 00000000 07:03 1049525                    /usr/lib/x86_64-linux-gnu/libdl-2.31.so
7d846cf41000-7d846cf43000 r-xp 00001000 07:03 1049525                    /usr/lib/x86_64-linux-gnu/libdl-2.31.so
7d846cf43000-7d846cf44000 r--p 00003000 07:03 1049525                    /usr/lib/x86_64-linux-gnu/libdl-2.31.so
7d846cf44000-7d846cf45000 r--p 00003000 07:03 1049525                    /usr/lib/x86_64-linux-gnu/libdl-2.31.so
7d846cf45000-7d846cf46000 rw-p 00004000 07:03 1049525                    /usr/lib/x86_64-linux-gnu/libdl-2.31.so
7d846cf46000-7d846cf4c000 r--p 00000000 07:03 1049608                    /usr/lib/x86_64-linux-gnu/libpthread-2.31.so
7d846cf4c000-7d846cf5d000 r-xp 00006000 07:03 1049608                    /usr/lib/x86_64-linux-gnu/libpthread-2.31.so
7d846cf5d000-7d846cf63000 r--p 00017000 07:03 1049608                    /usr/lib/x86_64-linux-gnu/libpthread-2.31.so
7d846cf63000-7d846cf64000 r--p 0001c000 07:03 1049608                    /usr/lib/x86_64-linux-gnu/libpthread-2.31.so
7d846cf64000-7d846cf65000 rw-p 0001d000 07:03 1049608                    /usr/lib/x86_64-linux-gnu/libpthread-2.31.so
7d846cf65000-7d846cf69000 rw-p 00000000 00:00 0 
7d846cf69000-7d846cf77000 r-xp 00000000 07:03 123660                     /usr/local/sdkman/candidates/java/21.0.3-ms/lib/libjli.so
7d846cf77000-7d846cf78000 ---p 0000e000 07:03 123660                     /usr/local/sdkman/candidates/java/21.0.3-ms/lib/libjli.so
7d846cf78000-7d846cf79000 r--p 0000e000 07:03 123660                     /usr/local/sdkman/candidates/java/21.0.3-ms/lib/libjli.so
7d846cf79000-7d846cf7a000 rw-p 0000f000 07:03 123660                     /usr/local/sdkman/candidates/java/21.0.3-ms/lib/libjli.so
7d846cf7a000-7d846cf7c000 r--p 00000000 07:03 1049644                    /usr/lib/x86_64-linux-gnu/libz.so.1.2.11
7d846cf7c000-7d846cf8d000 r-xp 00002000 07:03 1049644                    /usr/lib/x86_64-linux-gnu/libz.so.1.2.11
7d846cf8d000-7d846cf93000 r--p 00013000 07:03 1049644                    /usr/lib/x86_64-linux-gnu/libz.so.1.2.11
7d846cf93000-7d846cf94000 ---p 00019000 07:03 1049644                    /usr/lib/x86_64-linux-gnu/libz.so.1.2.11
7d846cf94000-7d846cf95000 r--p 00019000 07:03 1049644                    /usr/lib/x86_64-linux-gnu/libz.so.1.2.11
7d846cf95000-7d846cf96000 rw-p 0001a000 07:03 1049644                    /usr/lib/x86_64-linux-gnu/libz.so.1.2.11
7d846cf96000-7d846cf9e000 rw-s 00000000 08:01 131083                     /tmp/hsperfdata_codespace/7476
7d846cf9e000-7d846cf9f000 ---p 00000000 00:00 0 
7d846cf9f000-7d846cfa0000 r--p 00000000 00:00 0 
7d846cfa0000-7d846cfa2000 rw-p 00000000 00:00 0 
7d846cfa2000-7d846cfa3000 r--p 00000000 07:03 1049492                    /usr/lib/x86_64-linux-gnu/ld-2.31.so
7d846cfa3000-7d846cfc6000 r-xp 00001000 07:03 1049492                    /usr/lib/x86_64-linux-gnu/ld-2.31.so
7d846cfc6000-7d846cfce000 r--p 00024000 07:03 1049492                    /usr/lib/x86_64-linux-gnu/ld-2.31.so
7d846cfce000-7d846cfcf000 ---p 00000000 00:00 0 
7d846cfcf000-7d846cfd0000 r--p 0002c000 07:03 1049492                    /usr/lib/x86_64-linux-gnu/ld-2.31.so
7d846cfd0000-7d846cfd1000 rw-p 0002d000 07:03 1049492                    /usr/lib/x86_64-linux-gnu/ld-2.31.so
7d846cfd1000-7d846cfd2000 rw-p 00000000 00:00 0 
7ffdcaf2d000-7ffdcaf4f000 rw-p 00000000 00:00 0                          [stack]
7ffdcaf72000-7ffdcaf76000 r--p 00000000 00:00 0                          [vvar]
7ffdcaf76000-7ffdcaf78000 r-xp 00000000 00:00 0                          [vdso]
ffffffffff600000-ffffffffff601000 --xp 00000000 00:00 0                  [vsyscall]
Total number of mappings: 108


VM Arguments:
jvm_args: -Xmx8G -Xms8G 
java_command: server.jar --nogui
java_class_path (initial): server.jar
Launcher Type: SUN_STANDARD

[Global flags]
     intx CICompilerCount                          = 2                                         {product} {ergonomic}
     uint ConcGCThreads                            = 1                                         {product} {ergonomic}
     uint G1ConcRefinementThreads                  = 2                                         {product} {ergonomic}
   size_t G1HeapRegionSize                         = 4194304                                   {product} {ergonomic}
    uintx GCDrainStackTargetSize                   = 64                                        {product} {ergonomic}
   size_t InitialHeapSize                          = 8589934592                                {product} {command line}
   size_t MarkStackSize                            = 4194304                                   {product} {ergonomic}
   size_t MaxHeapSize                              = 8589934592                                {product} {command line}
   size_t MinHeapDeltaBytes                        = 4194304                                   {product} {ergonomic}
   size_t MinHeapSize                              = 8589934592                                {product} {command line}
    uintx NonNMethodCodeHeapSize                   = 5826188                                {pd product} {ergonomic}
    uintx NonProfiledCodeHeapSize                  = 122916026                              {pd product} {ergonomic}
    uintx ProfiledCodeHeapSize                     = 122916026                              {pd product} {ergonomic}
    uintx ReservedCodeCacheSize                    = 251658240                              {pd product} {ergonomic}
     bool SegmentedCodeCache                       = true                                      {product} {ergonomic}
   size_t SoftMaxHeapSize                          = 8589934592                             {manageable} {ergonomic}
     bool UseCompressedOops                        = true                           {product lp64_product} {ergonomic}
     bool UseG1GC                                  = true                                      {product} {ergonomic}

Logging:
Log output configuration:
 #0: stdout all=warning uptime,level,tags foldmultilines=false
 #1: stderr all=off uptime,level,tags foldmultilines=false

Environment Variables:
JAVA_HOME=/usr/local/sdkman/candidates/java/current
PATH=/usr/local/rvm/gems/ruby-3.2.4/bin:/usr/local/rvm/gems/ruby-3.2.4@global/bin:/usr/local/rvm/rubies/ruby-3.2.4/bin:/vscode/bin/linux-x64/f1e16e1e6214d7c44d078b1f0607b2388f29d729/bin/remote-cli:/home/codespace/.local/bin:/home/codespace/.dotnet:/home/codespace/nvm/current/bin:/home/codespace/.php/current/bin:/home/codespace/.python/current/bin:/home/codespace/java/current/bin:/home/codespace/.ruby/current/bin:/home/codespace/.local/bin:/usr/local/python/current/bin:/usr/local/py-utils/bin:/usr/local/oryx:/usr/local/go/bin:/go/bin:/usr/local/sdkman/bin:/usr/local/sdkman/candidates/java/current/bin:/usr/local/sdkman/candidates/gradle/current/bin:/usr/local/sdkman/candidates/maven/current/bin:/usr/local/sdkman/candidates/ant/current/bin:/usr/local/rvm/gems/default/bin:/usr/local/rvm/gems/default@global/bin:/usr/local/rvm/rubies/default/bin:/usr/local/share/rbenv/bin:/usr/local/php/current/bin:/opt/conda/bin:/usr/local/nvs:/usr/local/share/nvm/versions/node/v20.15.1/bin:/usr/local/hugo/bin:/usr/local/sbin:/usr/local/bin:/usr/sbin:/usr/bin:/sbin:/bin:/usr/share/dotnet:/home/codespace/.dotnet/tools:/usr/local/rvm/bin
SHELL=/bin/bash
LANG=C.UTF-8
TERM=xterm-256color

Active Locale:
LC_ALL=C
LC_COLLATE=C
LC_CTYPE=C
LC_MESSAGES=C
LC_MONETARY=C
LC_NUMERIC=C
LC_TIME=C

Signal Handlers:
   SIGSEGV: crash_handler in libjvm.so, mask=11100100010111111101111111111110, flags=SA_RESTART|SA_SIGINFO, unblocked
    SIGBUS: crash_handler in libjvm.so, mask=11100100010111111101111111111110, flags=SA_RESTART|SA_SIGINFO, unblocked
    SIGFPE: crash_handler in libjvm.so, mask=11100100010111111101111111111110, flags=SA_RESTART|SA_SIGINFO, unblocked
   SIGPIPE: javaSignalHandler in libjvm.so, mask=11100100010111111101111111111110, flags=SA_RESTART|SA_SIGINFO, blocked
   SIGXFSZ: javaSignalHandler in libjvm.so, mask=11100100010111111101111111111110, flags=SA_RESTART|SA_SIGINFO, blocked
    SIGILL: crash_handler in libjvm.so, mask=11100100010111111101111111111110, flags=SA_RESTART|SA_SIGINFO, unblocked
   SIGUSR2: SR_handler in libjvm.so, mask=00000000000000000000000000000000, flags=SA_RESTART|SA_SIGINFO, blocked
    SIGHUP: SIG_DFL, mask=00000000000000000000000000000000, flags=none, blocked
    SIGINT: SIG_DFL, mask=00000000000000000000000000000000, flags=none, blocked
   SIGTERM: SIG_DFL, mask=00000000000000000000000000000000, flags=none, blocked
   SIGQUIT: UserHandler in libjvm.so, mask=11100100010111111101111111111110, flags=SA_RESTART|SA_SIGINFO, blocked
   SIGTRAP: crash_handler in libjvm.so, mask=11100100010111111101111111111110, flags=SA_RESTART|SA_SIGINFO, unblocked


Periodic native trim disabled

---------------  S Y S T E M  ---------------

OS:
DISTRIB_ID=Ubuntu
DISTRIB_RELEASE=20.04
DISTRIB_CODENAME=focal
DISTRIB_DESCRIPTION="Ubuntu 20.04.6 LTS"
uname: Linux 6.5.0-1022-azure #23~22.04.1-Ubuntu SMP Thu May  9 17:59:24 UTC 2024 x86_64
OS uptime: 0 days 0:09 hours
libc: glibc 2.31 NPTL 2.31 
rlimit (soft/hard): STACK 8192k/infinity , CORE infinity/infinity , NPROC infinity/infinity , NOFILE 1048576/1048576 , AS infinity/infinity , CPU infinity/infinity , DATA infinity/infinity , FSIZE infinity/infinity , MEMLOCK 8192k/8192k
load average: 0.32 0.77 0.55

/proc/meminfo:
MemTotal:        8119864 kB
MemFree:         2856768 kB
MemAvailable:    6381452 kB
Buffers:          110640 kB
Cached:          3613928 kB
SwapCached:            0 kB
Active:          3303136 kB
Inactive:        1539092 kB
Active(anon):    1169088 kB
Inactive(anon):    22780 kB
Active(file):    2134048 kB
Inactive(file):  1516312 kB
Unevictable:       27824 kB
Mlocked:           27824 kB
SwapTotal:             0 kB
SwapFree:              0 kB
Zswap:                 0 kB
Zswapped:              0 kB
Dirty:               464 kB
Writeback:             0 kB
AnonPages:       1114604 kB
Mapped:           530432 kB
Shmem:             65000 kB
KReclaimable:     187640 kB
Slab:             267132 kB
SReclaimable:     187640 kB
SUnreclaim:        79492 kB
KernelStack:        5856 kB
PageTables:        16068 kB
SecPageTables:         0 kB
NFS_Unstable:          0 kB
Bounce:                0 kB
WritebackTmp:          0 kB
CommitLimit:     4059932 kB
Committed_AS:    2935320 kB
VmallocTotal:   34359738367 kB
VmallocUsed:       39752 kB
VmallocChunk:          0 kB
Percpu:             1096 kB
HardwareCorrupted:     0 kB
AnonHugePages:    346112 kB
ShmemHugePages:        0 kB
ShmemPmdMapped:        0 kB
FileHugePages:         0 kB
FilePmdMapped:         0 kB
Unaccepted:            0 kB
HugePages_Total:       0
HugePages_Free:        0
HugePages_Rsvd:        0
HugePages_Surp:        0
Hugepagesize:       2048 kB
Hugetlb:               0 kB
DirectMap4k:      102336 kB
DirectMap2M:     4091904 kB
DirectMap1G:     6291456 kB

/sys/kernel/mm/transparent_hugepage/enabled: [always] madvise never
/sys/kernel/mm/transparent_hugepage/hpage_pmd_size: 2097152
/sys/kernel/mm/transparent_hugepage/defrag (defrag/compaction efforts parameter): always defer defer+madvise [madvise] never

Process Memory:
Virtual Size: 885256K (peak: 9269380K)
Resident Set Size: 20480K (peak: 20480K) (anon: 6784K, file: 13696K, shmem: 0K)
Swapped out: 0K
C-Heap outstanding allocations: 9690K, retained: 605K
glibc malloc tunables: (default)

/proc/sys/kernel/threads-max (system-wide limit on the number of threads): 63387
/proc/sys/vm/max_map_count (maximum number of memory map areas a process may have): 65530
/proc/sys/kernel/pid_max (system-wide limit on number of process identifiers): 4194304

container (cgroup) information:
container_type: cgroupv2
cpu_cpuset_cpus: not supported
cpu_memory_nodes: not supported
active_processor_count: 2
cpu_quota: no quota
cpu_period: 100000
cpu_shares: no shares
memory_limit_in_bytes: unlimited
memory_and_swap_limit_in_bytes: unlimited
memory_soft_limit_in_bytes: unlimited
memory_usage_in_bytes: 1360424 k
memory_max_usage_in_bytes: not supported
memory_swap_current_in_bytes: unlimited
memory_swap_max_limit_in_bytes: unlimited
maximum number of tasks: unlimited
current number of tasks: 93

Hyper-V virtualization detected
Steal ticks since vm start: 0
Steal ticks percentage since vm start:  0.000

CPU: total 2 (initial active 2) (16 cores per cpu, 2 threads per core) family 25 model 1 stepping 1 microcode 0xffffffff, cx8, cmov, fxsr, ht, mmx, 3dnowpref, sse, sse2, sse3, ssse3, sse4a, sse4.1, sse4.2, popcnt, lzcnt, tsc, tscinvbit, avx, avx2, aes, erms, clmul, bmi1, bmi2, adx, sha, fma, vzeroupper, clflush, clflushopt, hv, rdtscp, rdpid, fsrm, f16c, cet_ss
CPU Model and flags from /proc/cpuinfo:
model name	: AMD EPYC 7763 64-Core Processor
flags		: fpu vme de pse tsc msr pae mce cx8 apic sep mtrr pge mca cmov pat pse36 clflush mmx fxsr sse sse2 ht syscall nx mmxext fxsr_opt pdpe1gb rdtscp lm constant_tsc rep_good nopl tsc_reliable nonstop_tsc cpuid extd_apicid aperfmperf pni pclmulqdq ssse3 fma cx16 pcid sse4_1 sse4_2 movbe popcnt aes xsave avx f16c rdrand hypervisor lahf_lm cmp_legacy svm cr8_legacy abm sse4a misalignsse 3dnowprefetch osvw topoext invpcid_single vmmcall fsgsbase bmi1 avx2 smep bmi2 erms invpcid rdseed adx smap clflushopt clwb sha_ni xsaveopt xsavec xgetbv1 xsaves clzero xsaveerptr rdpru arat npt nrip_save tsc_scale vmcb_clean flushbyasid decodeassists pausefilter pfthreshold v_vmsave_vmload umip vaes vpclmulqdq rdpid fsrm

Online cpus: 0-1
Offline cpus: 
BIOS frequency limitation: <Not Available>
Frequency switch latency (ns): <Not Available>
Available cpu frequencies: <Not Available>
Current governor: <Not Available>
Core performance/turbo boost: <Not Available>

Memory: 4k page, physical 8119864k(6381452k free), swap 0k(0k free)
Page Sizes: 4k

vm_info: OpenJDK 64-Bit Server VM (21.0.3+9-LTS) for linux-amd64 JRE (21.0.3+9-LTS), built on 2024-04-10T01:29:19Z by "MicrosoftCorporation" with gcc 11.3.0

END.
