[2024-07-18 13:28:51] [main/ INFO] (BlossomLib): BlossomLib mixins loading
[2024-07-18 13:28:58] [main/ INFO] (BlossomLib): BlossomLib has starting
[2024-07-18 13:28:58] [main/TRACE] (BlossomLib): register config manager BlossomTpa.json
[2024-07-18 13:28:58] [main/TRACE] (BlossomLib): loading config BlossomTpa.json
[2024-07-18 13:28:58] [main/TRACE] (BlossomLib): saving config BlossomTpa.json
[2024-07-18 14:13:58] [main/ INFO] (BlossomLib): BlossomLib mixins loading
[2024-07-18 14:14:05] [main/ INFO] (BlossomLib): BlossomLib has starting
[2024-07-18 14:14:05] [main/TRACE] (BlossomLib): register config manager BlossomTpa.json
[2024-07-18 14:14:05] [main/TRACE] (BlossomLib): loading config BlossomTpa.json
[2024-07-18 14:14:05] [main/TRACE] (BlossomLib): saving config BlossomTpa.json
[2024-07-18 14:18:35] [Server thread/DEBUG] (BlossomLib): Create new genericCountdown for 9167a24f-da69-38b3-a896-09694b6626bc (3.0 s)
[2024-07-18 14:18:38] [Server thread/DEBUG] (BlossomLib): genericCountdown for 9167a24f-da69-38b3-a896-09694b6626bc has ended
[2024-07-18 14:21:33] [Server thread/DEBUG] (BlossomLib): Create new genericCountdown for 9167a24f-da69-38b3-a896-09694b6626bc (3.0 s)
[2024-07-18 14:21:36] [Server thread/DEBUG] (BlossomLib): genericCountdown for 9167a24f-da69-38b3-a896-09694b6626bc has ended
[2024-07-18 14:22:40] [Server thread/DEBUG] (BlossomLib): Create new genericCountdown for 9167a24f-da69-38b3-a896-09694b6626bc (3.0 s)
[2024-07-18 14:22:43] [Server thread/DEBUG] (BlossomLib): genericCountdown for 9167a24f-da69-38b3-a896-09694b6626bc has ended
[2024-07-18 14:42:29] [Server thread/DEBUG] (BlossomLib): Create new genericCountdown for 00000000-0000-0000-0009-01fb4b494f1f (3.0 s)
[2024-07-18 14:42:32] [Server thread/DEBUG] (BlossomLib): genericCountdown for 00000000-0000-0000-0009-01fb4b494f1f has ended
[2024-07-18 14:44:26] [Server thread/DEBUG] (BlossomLib): Create new genericCountdown for 00000000-0000-0000-0009-01fb4b494f1f (3.0 s)
[2024-07-18 14:44:29] [Server thread/DEBUG] (BlossomLib): genericCountdown for 00000000-0000-0000-0009-01fb4b494f1f has ended
[2024-07-18 14:47:21] [Server thread/DEBUG] (BlossomLib): Create new genericCountdown for 16b43eed-e1c8-3818-8dd4-53dbf9de5dac (3.0 s)
[2024-07-18 14:47:24] [Server thread/DEBUG] (BlossomLib): genericCountdown for 16b43eed-e1c8-3818-8dd4-53dbf9de5dac has ended
[2024-07-18 14:52:35] [Server thread/DEBUG] (BlossomLib): Create new genericCountdown for 4cd5c492-c173-313d-af5b-cab7e80d5719 (3.0 s)
[2024-07-18 14:52:38] [Server thread/DEBUG] (BlossomLib): genericCountdown for 4cd5c492-c173-313d-af5b-cab7e80d5719 has ended
[2024-07-18 16:09:56] [Timer-8/ INFO] (BlossomTpa): TpaRequest[teleportWho=00000000-0000-0000-0009-01fb4b494f1f, teleportTo=9167a24f-da69-38b3-a896-09694b6626bc, initiator=00000000-0000-0000-0009-01fb4b494f1f, receiver=9167a24f-da69-38b3-a896-09694b6626bc] timed out
[2024-07-18 16:20:25] [Timer-10/ INFO] (BlossomTpa): TpaRequest[teleportWho=16b43eed-e1c8-3818-8dd4-53dbf9de5dac, teleportTo=00000000-0000-0000-0009-01fb4b494f1f, initiator=16b43eed-e1c8-3818-8dd4-53dbf9de5dac, receiver=00000000-0000-0000-0009-01fb4b494f1f] timed out
[2024-07-18 16:23:01] [Timer-11/ INFO] (BlossomTpa): TpaRequest[teleportWho=16b43eed-e1c8-3818-8dd4-53dbf9de5dac, teleportTo=00000000-0000-0000-0009-01fb4b494f1f, initiator=16b43eed-e1c8-3818-8dd4-53dbf9de5dac, receiver=00000000-0000-0000-0009-01fb4b494f1f] timed out
[2024-07-18 16:38:23] [Server thread/DEBUG] (BlossomLib): Create new genericCountdown for 6192ba37-ab49-384d-b43d-891cc168a019 (3.0 s)
[2024-07-18 16:38:26] [Server thread/DEBUG] (BlossomLib): genericCountdown for 6192ba37-ab49-384d-b43d-891cc168a019 has ended
[2024-07-18 16:51:26] [main/ INFO] (BlossomLib): BlossomLib mixins loading
[2024-07-18 16:51:33] [main/ INFO] (BlossomLib): BlossomLib has starting
[2024-07-18 16:51:33] [main/TRACE] (BlossomLib): register config manager BlossomTpa.json
[2024-07-18 16:51:33] [main/TRACE] (BlossomLib): loading config BlossomTpa.json
[2024-07-18 16:51:33] [main/TRACE] (BlossomLib): saving config BlossomTpa.json
[2024-07-18 17:30:13] [main/ INFO] (BlossomLib): BlossomLib mixins loading
[2024-07-18 17:30:20] [main/ INFO] (BlossomLib): BlossomLib has starting
[2024-07-18 17:30:20] [main/TRACE] (BlossomLib): register config manager BlossomTpa.json
[2024-07-18 17:30:20] [main/TRACE] (BlossomLib): loading config BlossomTpa.json
[2024-07-18 17:30:20] [main/TRACE] (BlossomLib): saving config BlossomTpa.json
[2024-07-18 17:39:13] [main/ INFO] (BlossomLib): BlossomLib mixins loading
[2024-07-18 17:39:20] [main/ INFO] (BlossomLib): BlossomLib has starting
[2024-07-18 17:39:20] [main/TRACE] (BlossomLib): register config manager BlossomTpa.json
[2024-07-18 17:39:20] [main/TRACE] (BlossomLib): loading config BlossomTpa.json
[2024-07-18 17:39:20] [main/TRACE] (BlossomLib): saving config BlossomTpa.json
[2024-07-18 17:40:26] [main/ INFO] (BlossomLib): BlossomLib mixins loading
[2024-07-18 17:40:32] [main/ INFO] (BlossomLib): BlossomLib has starting
[2024-07-18 17:40:32] [main/TRACE] (BlossomLib): register config manager BlossomTpa.json
[2024-07-18 17:40:32] [main/TRACE] (BlossomLib): loading config BlossomTpa.json
[2024-07-18 17:40:32] [main/TRACE] (BlossomLib): saving config BlossomTpa.json
[2024-07-18 17:41:59] [main/ INFO] (BlossomLib): BlossomLib mixins loading
[2024-07-18 17:42:06] [main/ INFO] (BlossomLib): BlossomLib has starting
[2024-07-18 17:42:06] [main/TRACE] (BlossomLib): register config manager BlossomTpa.json
[2024-07-18 17:42:06] [main/TRACE] (BlossomLib): loading config BlossomTpa.json
[2024-07-18 17:42:06] [main/TRACE] (BlossomLib): saving config BlossomTpa.json
[2024-07-18 17:44:12] [main/ INFO] (BlossomLib): BlossomLib mixins loading
[2024-07-18 17:44:18] [main/ INFO] (BlossomLib): BlossomLib has starting
[2024-07-18 17:44:18] [main/TRACE] (BlossomLib): register config manager BlossomTpa.json
[2024-07-18 17:44:18] [main/TRACE] (BlossomLib): loading config BlossomTpa.json
[2024-07-18 17:44:18] [main/TRACE] (BlossomLib): saving config BlossomTpa.json
[2024-07-18 17:45:55] [main/ INFO] (BlossomLib): BlossomLib mixins loading
[2024-07-18 17:46:02] [main/ INFO] (BlossomLib): BlossomLib has starting
[2024-07-18 17:46:02] [main/TRACE] (BlossomLib): register config manager BlossomTpa.json
[2024-07-18 17:46:02] [main/TRACE] (BlossomLib): loading config BlossomTpa.json
[2024-07-18 17:46:02] [main/TRACE] (BlossomLib): saving config BlossomTpa.json
[2024-07-18 18:11:22] [Server thread/DEBUG] (BlossomLib): Create new genericCountdown for 16b43eed-e1c8-3818-8dd4-53dbf9de5dac (3.0 s)
[2024-07-18 18:11:22] [Server thread/DEBUG] (BlossomLib): genericCountdown for 16b43eed-e1c8-3818-8dd4-53dbf9de5dac has been reset after 0 ticks
[2024-07-18 18:11:22] [Server thread/DEBUG] (BlossomLib): genericCountdown for 16b43eed-e1c8-3818-8dd4-53dbf9de5dac has been reset after 0 ticks
[2024-07-18 18:11:22] [Server thread/DEBUG] (BlossomLib): genericCountdown for 16b43eed-e1c8-3818-8dd4-53dbf9de5dac has been reset after 0 ticks
[2024-07-18 18:11:22] [Server thread/DEBUG] (BlossomLib): genericCountdown for 16b43eed-e1c8-3818-8dd4-53dbf9de5dac has been reset after 0 ticks
[2024-07-18 18:11:23] [Server thread/DEBUG] (BlossomLib): genericCountdown for 16b43eed-e1c8-3818-8dd4-53dbf9de5dac has been reset after 0 ticks
[2024-07-18 18:11:23] [Server thread/DEBUG] (BlossomLib): genericCountdown for 16b43eed-e1c8-3818-8dd4-53dbf9de5dac has been reset after 0 ticks
[2024-07-18 18:11:23] [Server thread/DEBUG] (BlossomLib): genericCountdown for 16b43eed-e1c8-3818-8dd4-53dbf9de5dac has been reset after 0 ticks
[2024-07-18 18:11:23] [Server thread/DEBUG] (BlossomLib): genericCountdown for 16b43eed-e1c8-3818-8dd4-53dbf9de5dac has been reset after 0 ticks
[2024-07-18 18:11:23] [Server thread/DEBUG] (BlossomLib): genericCountdown for 16b43eed-e1c8-3818-8dd4-53dbf9de5dac has been reset after 0 ticks
[2024-07-18 18:11:23] [Server thread/DEBUG] (BlossomLib): genericCountdown for 16b43eed-e1c8-3818-8dd4-53dbf9de5dac has been reset after 0 ticks
[2024-07-18 18:11:23] [Server thread/DEBUG] (BlossomLib): genericCountdown for 16b43eed-e1c8-3818-8dd4-53dbf9de5dac has been reset after 0 ticks
[2024-07-18 18:11:23] [Server thread/DEBUG] (BlossomLib): genericCountdown for 16b43eed-e1c8-3818-8dd4-53dbf9de5dac has been reset after 0 ticks
[2024-07-18 18:11:23] [Server thread/DEBUG] (BlossomLib): genericCountdown for 16b43eed-e1c8-3818-8dd4-53dbf9de5dac has been reset after 0 ticks
[2024-07-18 18:11:23] [Server thread/DEBUG] (BlossomLib): genericCountdown for 16b43eed-e1c8-3818-8dd4-53dbf9de5dac has been reset after 0 ticks
[2024-07-18 18:11:23] [Server thread/DEBUG] (BlossomLib): genericCountdown for 16b43eed-e1c8-3818-8dd4-53dbf9de5dac has been reset after 0 ticks
[2024-07-18 18:11:23] [Server thread/DEBUG] (BlossomLib): genericCountdown for 16b43eed-e1c8-3818-8dd4-53dbf9de5dac has been reset after 0 ticks
[2024-07-18 18:11:23] [Server thread/DEBUG] (BlossomLib): genericCountdown for 16b43eed-e1c8-3818-8dd4-53dbf9de5dac has been reset after 0 ticks
[2024-07-18 18:11:23] [Server thread/DEBUG] (BlossomLib): genericCountdown for 16b43eed-e1c8-3818-8dd4-53dbf9de5dac has been reset after 0 ticks
[2024-07-18 18:11:23] [Server thread/DEBUG] (BlossomLib): genericCountdown for 16b43eed-e1c8-3818-8dd4-53dbf9de5dac has been reset after 0 ticks
[2024-07-18 18:11:23] [Server thread/DEBUG] (BlossomLib): genericCountdown for 16b43eed-e1c8-3818-8dd4-53dbf9de5dac has been reset after 0 ticks
[2024-07-18 18:11:23] [Server thread/DEBUG] (BlossomLib): genericCountdown for 16b43eed-e1c8-3818-8dd4-53dbf9de5dac has been reset after 0 ticks
[2024-07-18 18:11:23] [Server thread/DEBUG] (BlossomLib): genericCountdown for 16b43eed-e1c8-3818-8dd4-53dbf9de5dac has been reset after 0 ticks
[2024-07-18 18:11:23] [Server thread/DEBUG] (BlossomLib): genericCountdown for 16b43eed-e1c8-3818-8dd4-53dbf9de5dac has been reset after 0 ticks
[2024-07-18 18:11:23] [Server thread/DEBUG] (BlossomLib): genericCountdown for 16b43eed-e1c8-3818-8dd4-53dbf9de5dac has been reset after 0 ticks
[2024-07-18 18:11:24] [Server thread/DEBUG] (BlossomLib): genericCountdown for 16b43eed-e1c8-3818-8dd4-53dbf9de5dac has been reset after 0 ticks
[2024-07-18 18:11:24] [Server thread/DEBUG] (BlossomLib): genericCountdown for 16b43eed-e1c8-3818-8dd4-53dbf9de5dac has been reset after 0 ticks
[2024-07-18 18:11:24] [Server thread/DEBUG] (BlossomLib): genericCountdown for 16b43eed-e1c8-3818-8dd4-53dbf9de5dac has been reset after 0 ticks
[2024-07-18 18:11:24] [Server thread/DEBUG] (BlossomLib): genericCountdown for 16b43eed-e1c8-3818-8dd4-53dbf9de5dac has been reset after 0 ticks
[2024-07-18 18:11:24] [Server thread/DEBUG] (BlossomLib): genericCountdown for 16b43eed-e1c8-3818-8dd4-53dbf9de5dac has been reset after 0 ticks
[2024-07-18 18:11:24] [Server thread/DEBUG] (BlossomLib): genericCountdown for 16b43eed-e1c8-3818-8dd4-53dbf9de5dac has been reset after 0 ticks
[2024-07-18 18:11:24] [Server thread/DEBUG] (BlossomLib): genericCountdown for 16b43eed-e1c8-3818-8dd4-53dbf9de5dac has been reset after 0 ticks
[2024-07-18 18:11:24] [Server thread/DEBUG] (BlossomLib): genericCountdown for 16b43eed-e1c8-3818-8dd4-53dbf9de5dac has been reset after 0 ticks
[2024-07-18 18:11:24] [Server thread/DEBUG] (BlossomLib): genericCountdown for 16b43eed-e1c8-3818-8dd4-53dbf9de5dac has been reset after 0 ticks
[2024-07-18 18:11:24] [Server thread/DEBUG] (BlossomLib): genericCountdown for 16b43eed-e1c8-3818-8dd4-53dbf9de5dac has been reset after 0 ticks
[2024-07-18 18:11:24] [Server thread/DEBUG] (BlossomLib): genericCountdown for 16b43eed-e1c8-3818-8dd4-53dbf9de5dac has been reset after 0 ticks
[2024-07-18 18:11:24] [Server thread/DEBUG] (BlossomLib): genericCountdown for 16b43eed-e1c8-3818-8dd4-53dbf9de5dac has been reset after 0 ticks
[2024-07-18 18:11:24] [Server thread/DEBUG] (BlossomLib): genericCountdown for 16b43eed-e1c8-3818-8dd4-53dbf9de5dac has been reset after 0 ticks
[2024-07-18 18:11:24] [Server thread/DEBUG] (BlossomLib): genericCountdown for 16b43eed-e1c8-3818-8dd4-53dbf9de5dac has been reset after 0 ticks
[2024-07-18 18:11:24] [Server thread/DEBUG] (BlossomLib): genericCountdown for 16b43eed-e1c8-3818-8dd4-53dbf9de5dac has been reset after 0 ticks
[2024-07-18 18:11:24] [Server thread/DEBUG] (BlossomLib): genericCountdown for 16b43eed-e1c8-3818-8dd4-53dbf9de5dac has been reset after 0 ticks
[2024-07-18 18:11:24] [Server thread/DEBUG] (BlossomLib): genericCountdown for 16b43eed-e1c8-3818-8dd4-53dbf9de5dac has been reset after 0 ticks
[2024-07-18 18:11:24] [Server thread/DEBUG] (BlossomLib): genericCountdown for 16b43eed-e1c8-3818-8dd4-53dbf9de5dac has been reset after 0 ticks
[2024-07-18 18:11:24] [Server thread/DEBUG] (BlossomLib): genericCountdown for 16b43eed-e1c8-3818-8dd4-53dbf9de5dac has been reset after 0 ticks
[2024-07-18 18:11:24] [Server thread/DEBUG] (BlossomLib): genericCountdown for 16b43eed-e1c8-3818-8dd4-53dbf9de5dac has been reset after 0 ticks
[2024-07-18 18:11:28] [Server thread/DEBUG] (BlossomLib): genericCountdown for 16b43eed-e1c8-3818-8dd4-53dbf9de5dac has ended
[2024-07-18 18:11:37] [Timer-1/ INFO] (BlossomTpa): TpaRequest[teleportWho=16b43eed-e1c8-3818-8dd4-53dbf9de5dac, teleportTo=1469ede2-708d-3cb1-8ca9-1153a180f46a, initiator=16b43eed-e1c8-3818-8dd4-53dbf9de5dac, receiver=1469ede2-708d-3cb1-8ca9-1153a180f46a] timed out
[2024-07-18 18:17:54] [main/ INFO] (BlossomLib): BlossomLib mixins loading
[2024-07-18 18:18:01] [main/ INFO] (BlossomLib): BlossomLib has starting
[2024-07-18 18:18:01] [main/TRACE] (BlossomLib): register config manager BlossomTpa.json
[2024-07-18 18:18:01] [main/TRACE] (BlossomLib): loading config BlossomTpa.json
[2024-07-18 18:18:01] [main/TRACE] (BlossomLib): saving config BlossomTpa.json
[2024-07-18 18:48:45] [Server thread/DEBUG] (BlossomLib): Create new genericCountdown for 1469ede2-708d-3cb1-8ca9-1153a180f46a (3.0 s)
[2024-07-18 18:48:48] [Server thread/DEBUG] (BlossomLib): genericCountdown for 1469ede2-708d-3cb1-8ca9-1153a180f46a has ended
[2024-07-18 18:51:06] [Server thread/DEBUG] (BlossomLib): Create new genericCountdown for 1469ede2-708d-3cb1-8ca9-1153a180f46a (3.0 s)
[2024-07-18 18:51:09] [Server thread/DEBUG] (BlossomLib): genericCountdown for 1469ede2-708d-3cb1-8ca9-1153a180f46a has ended
[2024-07-18 19:19:55] [Server thread/DEBUG] (BlossomLib): Create new genericCountdown for 00000000-0000-0000-0009-01fe43583a04 (3.0 s)
[2024-07-18 19:19:58] [Server thread/DEBUG] (BlossomLib): genericCountdown for 00000000-0000-0000-0009-01fe43583a04 has ended
[2024-07-18 19:39:28] [Server thread/DEBUG] (BlossomLib): Create new genericCountdown for 00000000-0000-0000-0009-01fe43583a04 (3.0 s)
[2024-07-18 19:39:31] [Server thread/DEBUG] (BlossomLib): genericCountdown for 00000000-0000-0000-0009-01fe43583a04 has ended
[2024-07-19 02:26:34] [main/ INFO] (BlossomLib): BlossomLib mixins loading
[2024-07-19 02:26:53] [main/ INFO] (BlossomLib): BlossomLib has starting
[2024-07-19 02:26:53] [main/TRACE] (BlossomLib): register config manager BlossomTpa.json
[2024-07-19 02:26:53] [main/TRACE] (BlossomLib): loading config BlossomTpa.json
[2024-07-19 02:26:53] [main/TRACE] (BlossomLib): saving config BlossomTpa.json
[2024-07-19 02:53:17] [main/ INFO] (BlossomLib): BlossomLib mixins loading
[2024-07-19 02:53:29] [main/ INFO] (BlossomLib): BlossomLib has starting
[2024-07-19 02:53:29] [main/TRACE] (BlossomLib): register config manager BlossomTpa.json
[2024-07-19 02:53:29] [main/TRACE] (BlossomLib): loading config BlossomTpa.json
[2024-07-19 02:53:29] [main/TRACE] (BlossomLib): saving config BlossomTpa.json
[2024-07-19 03:01:10] [Server thread/DEBUG] (BlossomLib): Create new genericCountdown for 6192ba37-ab49-384d-b43d-891cc168a019 (3.0 s)
[2024-07-19 03:01:13] [Server thread/DEBUG] (BlossomLib): genericCountdown for 6192ba37-ab49-384d-b43d-891cc168a019 has ended
[2024-07-19 03:46:30] [main/ INFO] (BlossomLib): BlossomLib mixins loading
[2024-07-19 03:48:40] [main/ INFO] (BlossomLib): BlossomLib mixins loading
[2024-07-19 03:49:35] [main/ INFO] (BlossomLib): BlossomLib mixins loading
[2024-07-19 03:50:54] [main/ INFO] (BlossomLib): BlossomLib mixins loading
[2024-07-19 03:51:09] [main/ INFO] (BlossomLib): BlossomLib has starting
[2024-07-19 03:51:09] [main/TRACE] (BlossomLib): register config manager BlossomTpa.json
[2024-07-19 03:51:09] [main/TRACE] (BlossomLib): loading config BlossomTpa.json
[2024-07-19 03:51:09] [main/TRACE] (BlossomLib): saving config BlossomTpa.json
[2024-07-19 03:52:26] [main/ INFO] (BlossomLib): BlossomLib mixins loading
[2024-07-19 03:52:47] [main/ INFO] (BlossomLib): BlossomLib mixins loading
[2024-07-19 03:54:24] [main/ INFO] (BlossomLib): BlossomLib mixins loading
[2024-07-19 03:54:39] [main/ INFO] (BlossomLib): BlossomLib has starting
[2024-07-19 03:54:39] [main/TRACE] (BlossomLib): register config manager BlossomTpa.json
[2024-07-19 03:54:39] [main/TRACE] (BlossomLib): loading config BlossomTpa.json
[2024-07-19 03:54:39] [main/TRACE] (BlossomLib): saving config BlossomTpa.json
[2024-07-19 03:55:39] [main/ INFO] (BlossomLib): BlossomLib mixins loading
[2024-07-19 03:55:55] [main/ INFO] (BlossomLib): BlossomLib has starting
[2024-07-19 03:55:55] [main/TRACE] (BlossomLib): register config manager BlossomTpa.json
[2024-07-19 03:55:55] [main/TRACE] (BlossomLib): loading config BlossomTpa.json
[2024-07-19 03:55:55] [main/TRACE] (BlossomLib): saving config BlossomTpa.json
[2024-07-19 04:00:12] [main/ INFO] (BlossomLib): BlossomLib mixins loading
[2024-07-19 04:00:27] [main/ INFO] (BlossomLib): BlossomLib has starting
[2024-07-19 04:00:27] [main/TRACE] (BlossomLib): register config manager BlossomTpa.json
[2024-07-19 04:00:27] [main/TRACE] (BlossomLib): loading config BlossomTpa.json
[2024-07-19 04:00:27] [main/TRACE] (BlossomLib): saving config BlossomTpa.json
[2024-07-19 04:11:41] [Server thread/DEBUG] (BlossomLib): Create new genericCountdown for 16b43eed-e1c8-3818-8dd4-53dbf9de5dac (3.0 s)
[2024-07-19 04:11:44] [Server thread/DEBUG] (BlossomLib): genericCountdown for 16b43eed-e1c8-3818-8dd4-53dbf9de5dac has ended
[2024-07-19 04:30:14] [main/ INFO] (BlossomLib): BlossomLib mixins loading
[2024-07-19 04:30:21] [main/ INFO] (BlossomLib): BlossomLib has starting
[2024-07-19 04:30:21] [main/TRACE] (BlossomLib): register config manager BlossomTpa.json
[2024-07-19 04:30:21] [main/TRACE] (BlossomLib): loading config BlossomTpa.json
[2024-07-19 04:30:21] [main/TRACE] (BlossomLib): saving config BlossomTpa.json
[2024-07-19 04:36:07] [main/ INFO] (BlossomLib): BlossomLib mixins loading
[2024-07-19 04:36:14] [main/ INFO] (BlossomLib): BlossomLib has starting
[2024-07-19 04:36:14] [main/TRACE] (BlossomLib): register config manager BlossomTpa.json
[2024-07-19 04:36:14] [main/TRACE] (BlossomLib): loading config BlossomTpa.json
[2024-07-19 04:36:14] [main/TRACE] (BlossomLib): saving config BlossomTpa.json
[2024-07-19 04:42:08] [Server thread/DEBUG] (BlossomLib): Create new genericCountdown for 9167a24f-da69-38b3-a896-09694b6626bc (3.0 s)
[2024-07-19 04:42:11] [Server thread/DEBUG] (BlossomLib): genericCountdown for 9167a24f-da69-38b3-a896-09694b6626bc has ended
[2024-07-19 04:50:58] [Timer-2/ INFO] (BlossomTpa): TpaRequest[teleportWho=9167a24f-da69-38b3-a896-09694b6626bc, teleportTo=16b43eed-e1c8-3818-8dd4-53dbf9de5dac, initiator=9167a24f-da69-38b3-a896-09694b6626bc, receiver=16b43eed-e1c8-3818-8dd4-53dbf9de5dac] timed out
[2024-07-19 05:04:05] [main/ INFO] (BlossomLib): BlossomLib mixins loading
[2024-07-19 05:04:13] [main/ INFO] (BlossomLib): BlossomLib has starting
[2024-07-19 05:04:13] [main/TRACE] (BlossomLib): register config manager BlossomTpa.json
[2024-07-19 05:04:13] [main/TRACE] (BlossomLib): loading config BlossomTpa.json
[2024-07-19 05:04:13] [main/TRACE] (BlossomLib): saving config BlossomTpa.json
[2024-07-19 05:20:14] [Server thread/DEBUG] (BlossomLib): Create new genericCountdown for 00000000-0000-0000-0009-01fc96032a7e (3.0 s)
[2024-07-19 05:20:17] [Server thread/DEBUG] (BlossomLib): genericCountdown for 00000000-0000-0000-0009-01fc96032a7e has ended
[2024-07-19 05:21:02] [Server thread/DEBUG] (BlossomLib): Create new genericCountdown for 00000000-0000-0000-0009-01fc96032a7e (3.0 s)
[2024-07-19 05:21:05] [Server thread/DEBUG] (BlossomLib): genericCountdown for 00000000-0000-0000-0009-01fc96032a7e has ended
[2024-07-19 05:39:24] [main/ INFO] (BlossomLib): BlossomLib mixins loading
[2024-07-19 05:39:31] [main/ INFO] (BlossomLib): BlossomLib has starting
[2024-07-19 05:39:31] [main/TRACE] (BlossomLib): register config manager BlossomTpa.json
[2024-07-19 05:39:31] [main/TRACE] (BlossomLib): loading config BlossomTpa.json
[2024-07-19 05:39:31] [main/TRACE] (BlossomLib): saving config BlossomTpa.json
[2024-07-19 06:11:46] [main/ INFO] (BlossomLib): BlossomLib mixins loading
[2024-07-19 06:11:53] [main/ INFO] (BlossomLib): BlossomLib has starting
[2024-07-19 06:11:53] [main/TRACE] (BlossomLib): register config manager BlossomTpa.json
[2024-07-19 06:11:53] [main/TRACE] (BlossomLib): loading config BlossomTpa.json
[2024-07-19 06:11:53] [main/TRACE] (BlossomLib): saving config BlossomTpa.json
