[05:39:22] [main/INFO]: Loading Minecraft 1.21 with Fabric Loader 0.15.11
[05:39:23] [main/INFO]: Loading 141 mods:
	- alternate-current 1.8.0
	- blossom-lib 2.5.8+1.21
	   \-- server_translations_api 2.3.1+1.21-pre2
	        \-- packet_tweaker 0.5.1+24w03b
	- blossom-tpa 2.2.4+1.21
	- c2me 0.2.0+alpha.11.107+1.21
	   |-- c2me-base 0.2.0+alpha.11.107+1.21
	   |-- c2me-client-uncapvd 0.2.0+alpha.11.107+1.21
	   |-- c2me-fixes-chunkio-threading-issues 0.2.0+alpha.11.107+1.21
	   |-- c2me-fixes-general-threading-issues 0.2.0+alpha.11.107+1.21
	   |-- c2me-fixes-worldgen-threading-issues 0.2.0+alpha.11.107+1.21
	   |-- c2me-fixes-worldgen-vanilla-bugs 0.2.0+alpha.11.107+1.21
	   |-- c2me-notickvd 0.2.0+alpha.11.107+1.21
	   |-- c2me-opts-allocs 0.2.0+alpha.11.107+1.21
	   |-- c2me-opts-chunk-access 0.2.0+alpha.11.107+1.21
	   |-- c2me-opts-chunkio 0.2.0+alpha.11.107+1.21
	   |-- c2me-opts-math 0.2.0+alpha.11.107+1.21
	   |-- c2me-opts-scheduling 0.2.0+alpha.11.107+1.21
	   |-- c2me-opts-worldgen-general 0.2.0+alpha.11.107+1.21
	   |-- c2me-opts-worldgen-vanilla 0.2.0+alpha.11.107+1.21
	   |-- c2me-rewrites-chunk-serializer 0.2.0+alpha.11.107+1.21
	   |-- c2me-rewrites-chunkio 0.2.0+alpha.11.107+1.21
	   |-- c2me-server-utils 0.2.0+alpha.11.107+1.21
	   |-- c2me-threading-chunkio 0.2.0+alpha.11.107+1.21
	   |-- c2me-threading-lighting 0.2.0+alpha.11.107+1.21
	   |-- c2me-threading-worldgen 0.2.0+alpha.11.107+1.21
	   |-- com_electronwill_night-config_core 3.6.5
	   |-- com_electronwill_night-config_toml 3.6.5
	   |-- com_ibm_async_asyncutil 0.1.0
	   |-- net_objecthunter_exp4j 0.4.8
	   \-- org_threadly_threadly 7.0
	- chunky 1.4.16
	- dimensional-tracker 1.3.0
	- fabric-api 0.100.7+1.21
	   |-- fabric-api-base 0.4.42+6573ed8cd1
	   |-- fabric-api-lookup-api-v1 1.6.67+b5597344d1
	   |-- fabric-biome-api-v1 13.0.29+5bd9f1bcd1
	   |-- fabric-block-api-v1 1.0.22+0af3f5a7d1
	   |-- fabric-block-view-api-v2 1.0.10+6573ed8cd1
	   |-- fabric-blockrenderlayer-v1 1.1.52+0af3f5a7d1
	   |-- fabric-client-tags-api-v1 1.1.15+6573ed8cd1
	   |-- fabric-command-api-v1 1.2.49+f71b366fd1
	   |-- fabric-command-api-v2 2.2.28+6ced4dd9d1
	   |-- fabric-commands-v0 0.2.66+df3654b3d1
	   |-- fabric-content-registries-v0 8.0.15+b5597344d1
	   |-- fabric-convention-tags-v1 2.0.18+7f945d5bd1
	   |-- fabric-convention-tags-v2 2.4.2+c111832ad1
	   |-- fabric-crash-report-info-v1 0.2.29+0af3f5a7d1
	   |-- fabric-data-attachment-api-v1 1.1.25+6a6dfa19d1
	   |-- fabric-data-generation-api-v1 20.2.12+16c4ae25d1
	   |-- fabric-dimensions-v1 4.0.0+6fc22b99d1
	   |-- fabric-entity-events-v1 1.6.12+6fc22b99d1
	   |-- fabric-events-interaction-v0 0.7.10+e633f883d1
	   |-- fabric-game-rule-api-v1 1.0.53+6ced4dd9d1
	   |-- fabric-item-api-v1 11.0.0+afdfc921d1
	   |-- fabric-item-group-api-v1 4.1.3+78017270d1
	   |-- fabric-key-binding-api-v1 1.0.47+0af3f5a7d1
	   |-- fabric-keybindings-v0 0.2.45+df3654b3d1
	   |-- fabric-lifecycle-events-v1 2.3.11+8f3583aed1
	   |-- fabric-loot-api-v2 3.0.13+3f89f5a5d1
	   |-- fabric-loot-api-v3 1.0.1+3f89f5a5d1
	   |-- fabric-message-api-v1 6.0.13+6573ed8cd1
	   |-- fabric-model-loading-api-v1 2.0.0+fe474d6bd1
	   |-- fabric-networking-api-v1 4.2.0+ab7edbacd1
	   |-- fabric-object-builder-api-v1 15.1.13+d1321076d1
	   |-- fabric-particles-v1 4.0.2+6573ed8cd1
	   |-- fabric-recipe-api-v1 5.0.10+65089712d1
	   |-- fabric-registry-sync-v0 5.0.25+5bd9f1bcd1
	   |-- fabric-renderer-api-v1 3.3.0+0ae0b97dd1
	   |-- fabric-renderer-indigo 1.6.5+48fb1586d1
	   |-- fabric-renderer-registries-v1 3.2.68+df3654b3d1
	   |-- fabric-rendering-data-attachment-v1 0.3.48+73761d2ed1
	   |-- fabric-rendering-fluids-v1 3.1.6+b5597344d1
	   |-- fabric-rendering-v0 1.1.71+df3654b3d1
	   |-- fabric-rendering-v1 5.0.5+df16efd0d1
	   |-- fabric-resource-conditions-api-v1 4.2.1+d153f344d1
	   |-- fabric-resource-loader-v0 1.2.0+7e687b32d1
	   |-- fabric-screen-api-v1 2.0.24+b5597344d1
	   |-- fabric-screen-handler-api-v1 1.3.82+b5597344d1
	   |-- fabric-sound-api-v1 1.0.23+6573ed8cd1
	   |-- fabric-transfer-api-v1 5.1.15+3dccd343d1
	   \-- fabric-transitive-access-wideners-v1 6.0.12+6573ed8cd1
	- fabric-language-kotlin 1.11.0+kotlin.2.0.0
	   |-- org_jetbrains_kotlin_kotlin-reflect 2.0.0
	   |-- org_jetbrains_kotlin_kotlin-stdlib 2.0.0
	   |-- org_jetbrains_kotlin_kotlin-stdlib-jdk7 2.0.0
	   |-- org_jetbrains_kotlin_kotlin-stdlib-jdk8 2.0.0
	   |-- org_jetbrains_kotlinx_atomicfu-jvm 0.24.0
	   |-- org_jetbrains_kotlinx_kotlinx-coroutines-core-jvm 1.8.1
	   |-- org_jetbrains_kotlinx_kotlinx-coroutines-jdk8 1.8.1
	   |-- org_jetbrains_kotlinx_kotlinx-datetime-jvm 0.6.0
	   |-- org_jetbrains_kotlinx_kotlinx-serialization-cbor-jvm 1.6.3
	   |-- org_jetbrains_kotlinx_kotlinx-serialization-core-jvm 1.6.3
	   \-- org_jetbrains_kotlinx_kotlinx-serialization-json-jvm 1.6.3
	- fabricloader 0.15.11
	   \-- mixinextras 0.3.5
	- ferritecore 7.0.0
	- floodgate 2.2.3-SNAPSHOT
	   |-- aopalliance_aopalliance 1.0
	   |-- cloud 2.0.0-SNAPSHOT
	   |    |-- fabric-permissions-api-v0 0.3.1
	   |    |-- io_leangen_geantyref_geantyref 1.3.15
	   |    |-- org_incendo_cloud-brigadier 2.0.0-beta.8
	   |    |-- org_incendo_cloud-core 2.0.0-rc.2
	   |    |-- org_incendo_cloud-minecraft-modded-common-fabric-repack_ 2.0.0-SNAPSHOT
	   |    \-- org_incendo_cloud-services 2.0.0-rc.2
	   |-- jakarta_inject_jakarta_inject-api 2.0.1
	   |-- javax_inject_javax_inject 1
	   |-- org_geysermc_cumulus_cumulus 1.1.2
	   |-- org_geysermc_event_events 1.1-SNAPSHOT
	   |-- org_geysermc_geyser_common 2.2.3-SNAPSHOT
	   |-- org_java-websocket_java-websocket 1.5.2
	   \-- org_lanternpowered_lmbda 2.0.0
	- geyser-fabric 2.4.0-SNAPSHOT
	   |-- com_fasterxml_jackson_core_jackson-annotations 2.17.0
	   |-- com_fasterxml_jackson_core_jackson-core 2.17.0
	   |-- com_fasterxml_jackson_core_jackson-databind 2.17.0
	   |-- com_fasterxml_jackson_dataformat_jackson-dataformat-yaml 2.17.0
	   |-- com_nukkitx_natives 1.0.3
	   |-- io_airlift_aircompressor 0.25
	   |-- io_netty_netty-codec-dns 4.1.107
	   |-- io_netty_netty-codec-haproxy 4.1.107
	   |-- io_netty_netty-resolver-dns-classes-macos 4.1.107
	   |-- net_bytebuddy_byte-buddy 1.14.9
	   |-- net_jodah_expiringmap 0.5.10
	   |-- net_kyori_adventure-api 4.15.0
	   |-- net_kyori_adventure-key 4.15.0
	   |-- net_kyori_adventure-nbt 4.15.0
	   |-- net_kyori_adventure-text-serializer-gson 4.15.0
	   |-- net_kyori_adventure-text-serializer-json 4.15.0
	   |-- net_kyori_adventure-text-serializer-json-legacy-impl 4.15.0
	   |-- net_kyori_adventure-text-serializer-legacy 4.15.0
	   |-- net_kyori_adventure-text-serializer-plain 4.15.0
	   |-- net_kyori_examination-api 1.3.0
	   |-- net_kyori_examination-string 1.3.0
	   |-- net_kyori_option 1.0.0
	   |-- org_bitbucket_b_c_jose4j 0.9.3
	   |-- org_cloudburstmc_math_api 2.0
	   |-- org_cloudburstmc_math_immutable 2.0
	   |-- org_cloudburstmc_nbt 3.0.3
	   |-- org_geysermc_api_base-api 1.0.0-SNAPSHOT
	   |-- org_geysermc_cumulus_cumulus 1.1.2
	   |-- org_geysermc_event_events 1.1-SNAPSHOT
	   |-- org_lanternpowered_lmbda 2.0.0
	   \-- org_yaml_snakeyaml 2.2
	- java 21
	- letmedespawn 1.3.0
	- lithium 0.12.7
	- loyal_items 1.0.2
	- minecraft 1.21
	- modernfix 5.18.8+mc1.21
	- serversleep_mr 1-datapack
	- skinrestorer 2.0.1+1.21
	- styledchat 2.6.0+1.21
	   |-- fabric-permissions-api-v0 0.3.1
	   |-- placeholder-api 2.4.0-pre.2+1.21
	   |-- player-data-api 0.6.0+1.21
	   \-- predicate-api 0.5.1+1.21
[05:39:23] [main/INFO]: SpongePowered MIXIN Subsystem Version=0.8.5 Source=file:/workspaces/NotGudSMP/libraries/net/fabricmc/sponge-mixin/0.13.3+mixin.0.8.5/sponge-mixin-0.13.3+mixin.0.8.5.jar Service=Knot/Fabric Env=SERVER
[05:39:23] [main/INFO]: Compatibility level set to JAVA_16
[05:39:23] [main/INFO]: Compatibility level set to JAVA_17
[05:39:23] [main/INFO]: Compatibility level set to JAVA_21
[05:39:24] [main/INFO]: Initializing com.ishland.c2me.base.mixin
[05:39:24] [main/INFO]: Global Executor Parallelism: 1 configured, 1 evaluated, 1 default evaluated
[05:39:24] [main/INFO]: Initializing com.ishland.c2me.fixes.chunkio.threading_issues.mixin
[05:39:24] [main/INFO]: Initializing com.ishland.c2me.fixes.general.threading_issues.mixin
[05:39:24] [main/INFO]: Initializing com.ishland.c2me.fixes.worldgen.threading_issues.mixin
[05:39:24] [main/INFO]: Initializing com.ishland.c2me.fixes.worldgen.vanilla_bugs.mixin
[05:39:24] [main/INFO]: Initializing com.ishland.c2me.notickvd.mixin
[05:39:24] [main/INFO]: Initializing com.ishland.c2me.opts.allocs.mixin
[05:39:24] [main/INFO]: Initializing com.ishland.c2me.opts.chunk_access.mixin
[05:39:24] [main/INFO]: Disabling com.ishland.c2me.opts.chunk_access.mixin
[05:39:24] [main/INFO]: Initializing com.ishland.c2me.opts.chunkio.mixin
[05:39:24] [main/INFO]: Initializing com.ishland.c2me.opts.math.mixin
[05:39:24] [main/INFO]: Initializing com.ishland.c2me.opts.scheduling.mixin
[05:39:24] [main/INFO]: Initializing com.ishland.c2me.opts.worldgen.general.mixin
[05:39:24] [main/INFO]: Initializing com.ishland.c2me.opts.worldgen.vanilla.mixin
[05:39:24] [main/INFO]: Initializing com.ishland.c2me.rewrites.chunk_serializer.mixin
[05:39:24] [main/INFO]: Disabling com.ishland.c2me.rewrites.chunk_serializer.mixin
[05:39:24] [main/INFO]: Initializing com.ishland.c2me.rewrites.chunkio.mixin
[05:39:24] [main/INFO]: Disabling com.ishland.c2me.rewrites.chunkio.mixin
[05:39:24] [main/INFO]: Initializing com.ishland.c2me.server.utils.mixin
[05:39:24] [main/INFO]: Initializing com.ishland.c2me.threading.chunkio.mixin
[05:39:24] [main/INFO]: Initializing com.ishland.c2me.threading.lighting.mixin
[05:39:24] [main/INFO]: Initializing com.ishland.c2me.threading.worldgen.mixin
[05:39:24] [main/INFO]: Disabling com.ishland.c2me.threading.worldgen.mixin
[05:39:24] [main/WARN]: Mod 'c2me' attempted to override option 'mixin.world.player_chunk_tick', which doesn't exist, ignoring
[05:39:24] [main/INFO]: Loaded configuration file for Lithium: 138 options available, 1 override(s) found
[05:39:24] [main/INFO]: Loaded configuration file for ModernFix 5.18.8+mc1.21: 53 options available, 4 override(s) found
[05:39:24] [main/WARN]: Option 'mixin.bugfix.paper_chunk_patches' overriden (by mods [c2me]) to 'false'
[05:39:24] [main/WARN]: Option 'mixin.perf.cache_strongholds' overriden (by mods [c2me]) to 'false'
[05:39:24] [main/WARN]: Option 'mixin.perf.nbt_memory_usage' overriden (by mods [c2me]) to 'false'
[05:39:24] [main/WARN]: Option 'mixin.bugfix.chunk_deadlock' overriden (by mods [c2me]) to 'false'
[05:39:24] [main/INFO]: Applying Nashorn fix
[05:39:24] [main/WARN]: Error loading class: ca/spottedleaf/starlight/common/thread/SchedulingUtil (java.lang.ClassNotFoundException: ca/spottedleaf/starlight/common/thread/SchedulingUtil)
[05:39:25] [main/WARN]: Force-disabling mixin 'alloc.blockstate.StateMixin' as rule 'mixin.alloc.blockstate' (added by mods [ferritecore]) disables it and children
[05:39:25] [main/INFO]: Initializing MixinExtras via com.llamalad7.mixinextras.service.MixinExtrasServiceImpl(version=0.3.5).
[05:39:27] [main/INFO]: Injecting BlockStateBase cache population hook into lithium$getPathNodeType from me.jellysquid.mods.lithium.mixin.ai.pathing.AbstractBlockStateMixin
[05:39:27] [main/INFO]: Injecting BlockStateBase cache population hook into lithium$getAllFlags from me.jellysquid.mods.lithium.mixin.util.block_tracking.AbstractBlockStateMixin
[05:39:27] [main/INFO]: Injecting BlockStateBase cache population hook into lithium$getNeighborPathNodeType from me.jellysquid.mods.lithium.mixin.ai.pathing.AbstractBlockStateMixin
[05:39:27] [main/WARN]: Method overwrite conflict for method_21740 in modernfix-common.mixins.json:perf.remove_biome_temperature_cache.BiomeMixin from mod modernfix, previously written by me.jellysquid.mods.lithium.mixin.world.temperature_cache.BiomeMixin. Skipping method.
[05:39:31] [main/INFO]: Vanilla bootstrap took 5074 milliseconds
[05:39:31] [main/WARN]: en_ is not a supported Floodgate language.
[05:39:32] [main/WARN]: Missing locale: en_
[05:39:32] [main/INFO]: Loading extensions...
[05:39:32] [main/INFO]: Loaded 0 extension(s)
[05:39:33] [main/INFO]: Environment: Environment[sessionHost=https://sessionserver.mojang.com, servicesHost=https://api.minecraftservices.com, name=PROD]
[05:39:35] [main/INFO]: Loaded 1290 recipes
[05:39:35] [main/INFO]: Loaded 1400 advancements
[05:39:35] [ForkJoinPool.commonPool-worker-1/INFO]: Loaded 53 translation keys
[05:39:35] [main/INFO]: Applied 0 biome modifications to 0 of 64 new biomes in 1.447 ms
[05:39:35] [Server thread/INFO]: Starting minecraft server version 1.21
[05:39:35] [Server thread/INFO]: Loading properties
[05:39:35] [Server thread/INFO]: Default game type: SURVIVAL
[05:39:35] [Server thread/INFO]: Generating keypair
[05:39:35] [Server thread/INFO]: Starting Minecraft server on *:25565
[05:39:35] [Server thread/INFO]: Using epoll channel type
[05:39:35] [Server thread/WARN]: **** SERVER IS RUNNING IN OFFLINE/INSECURE MODE!
[05:39:35] [Server thread/WARN]: The server will make no attempt to authenticate usernames. Beware.
[05:39:35] [Server thread/WARN]: While this makes the game possible to play without internet access, it also opens up the ability for hackers to connect with any username they choose.
[05:39:35] [Server thread/WARN]: To change this, set "online-mode" to "true" in the server.properties file.
[05:39:35] [Server thread/INFO]: Preparing level "world"
[05:39:35] [Server thread/INFO]: Enforcing safe world random access
[05:39:36] [Server thread/INFO]: skipping unknown option 'enabledtrueupdate-order' in Alternate Current config
[05:39:38] [Server thread/INFO]: Preparing start region for dimension minecraft:overworld
[05:39:38] [Worker-Main-3/INFO]: Preparing spawn area: 0%
[05:39:38] [Worker-Main-1/INFO]: Preparing spawn area: 12%
[05:39:39] [Server thread/INFO]: Time elapsed: 1087 ms
[05:39:39] [Server thread/INFO]: Done (3.546s)! For help, type "help"
[05:39:39] [Server thread/WARN]: Dedicated server took 19.767 seconds to load
[05:39:39] [Server thread/INFO]: Took 35ms to boot Floodgate
[05:39:39] [Server thread/INFO]: ******************************************
[05:39:39] [Server thread/INFO]: 
[05:39:39] [Server thread/INFO]: Loading Geyser version 2.4.0-b609 (git-master-669a76c)
[05:39:39] [Server thread/INFO]: 
[05:39:39] [Server thread/INFO]: ******************************************
[05:39:41] [epollEventLoopGroup-3-1/INFO]: Started Geyser on 0.0.0.0:19132
[05:39:41] [Server thread/INFO]: Done (2.548s)! Run /geyser help for help!
[05:39:41] [Server thread/WARN]: Can't keep up! Is the server overloaded? Running 2639ms or 52 ticks behind
[05:39:43] [Server thread/INFO]: TuiLadre[/127.127.53.134:52685] logged in with entity id 16 at (-2631.699999988079, 150.0, 638.3000000119209)
[05:39:43] [Server thread/INFO]: ✚ [Admin] TuiLadre joined the game
[05:39:59] [Server thread/INFO]: BaoIsHere[/127.142.211.28:45361] logged in with entity id 90 at (-6118.72833090393, 112.0, 252.2377928014589)
[05:39:59] [Server thread/INFO]: ✚ [Admin] BaoIsHere joined the game
[05:41:54] [Server thread/INFO]: [[Admin] BaoIsHere: Teleported [Admin] BaoIsHere to -1734.500000, 112.000000, 1497.500000]
[05:41:57] [Server thread/WARN]: BaoIsHere moved too quickly! 0.0,-10.806526110008988,0.0
[05:41:57] [Server thread/WARN]: Can't keep up! Is the server overloaded? Running 3246ms or 64 ticks behind
[05:42:15] [Server thread/INFO]: [[Admin] BaoIsHere: Teleported [Admin] BaoIsHere to -1734.500000, 64.000000, 1497.500000]
[05:42:41] [Server thread/INFO]: [[Admin] BaoIsHere: Teleported [Admin] BaoIsHere to -6122.500000, 112.000000, 247.500000]
[05:47:39] [Server thread/INFO]: [[Admin] BaoIsHere: Teleported [Admin] BaoIsHere to -1734.500000, 112.000000, 1497.500000]
[05:47:58] [Server thread/INFO]: [[Admin] BaoIsHere: Teleported [Admin] BaoIsHere to -1734.500000, 64.000000, 1497.500000]
[05:48:42] [Server thread/INFO]: TuiLadre lost connection: Disconnected
[05:48:42] [Server thread/INFO]: ☁ [Admin] TuiLadre left the game
[05:48:50] [Server thread/INFO]: [[Admin] BaoIsHere: Teleported [Admin] BaoIsHere to -1190.500000, 60.875000, 1977.500000]
[05:48:53] [Server thread/WARN]: Can't keep up! Is the server overloaded? Running 2795ms or 55 ticks behind
